[2020-09-17 16:42:31] local.DEBUG: SearchAdd  
[2020-09-17 17:55:35] local.DEBUG: Searchmul  
[2020-09-17 17:55:38] local.DEBUG: Searchmulti  
[2020-09-17 17:55:41] local.DEBUG: Searchmulti  
[2020-09-17 17:55:45] local.DEBUG: Searchmult  
[2020-09-17 17:55:50] local.DEBUG: Searchmu  
[2020-09-17 17:55:56] local.DEBUG: Searchm  
[2020-09-17 18:01:31] local.DEBUG: SearchMul  
[2020-09-17 18:01:35] local.DEBUG: SearchMulti  
[2020-09-17 18:01:37] local.DEBUG: SearchMulti  
[2020-09-17 18:01:44] local.DEBUG: SearchMulti l  
[2020-09-17 18:01:46] local.DEBUG: SearchMulti  
[2020-09-17 18:01:48] local.DEBUG: SearchMulti  
[2020-09-17 18:01:52] local.DEBUG: SearchMult  
[2020-09-17 18:03:29] local.DEBUG: SearchAdd  
[2020-09-17 18:03:32] local.DEBUG: SearchAdd  
[2020-09-17 18:03:37] local.DEBUG: SearchAdd e  
[2020-09-17 18:03:43] local.DEBUG: SearchAdd  
[2020-09-17 18:03:46] local.DEBUG: SearchAdd s  
[2020-09-17 18:06:38] local.DEBUG: SearchAdd sd  
[2020-09-17 18:06:41] local.DEBUG: Searchss  
[2020-09-17 18:06:43] local.DEBUG: Searchsss  
[2020-09-17 18:06:46] local.DEBUG: Searchadd  
[2020-09-17 18:06:48] local.DEBUG: Searchad  
[2020-09-17 18:06:50] local.DEBUG: SearchAdd  
[2020-09-17 18:06:51] local.DEBUG: SearchAd  
[2020-09-17 18:06:55] local.DEBUG: SearchAdd  
[2020-09-17 18:07:51] local.DEBUG: SearchAlf  
[2020-09-17 18:09:43] local.DEBUG: SearchAlfred  
